<?xml version="1.0" encoding="UTF-8"?>
<testsuite name="com.example.android.SimpleCalc.CalculatorTest" tests="16" skipped="0" failures="0" errors="0" timestamp="2023-04-30T01:51:49" hostname="MAIN-LAPTOP" time="0.034">
  <properties/>
  <testcase name="addTwoNumbers" classname="com.example.android.SimpleCalc.CalculatorTest" time="0.01"/>
  <testcase name="powFirstIsNegative" classname="com.example.android.SimpleCalc.CalculatorTest" time="0.0"/>
  <testcase name="subTwoNumbers" classname="com.example.android.SimpleCalc.CalculatorTest" time="0.0"/>
  <testcase name="addTwoNumbersNegative" classname="com.example.android.SimpleCalc.CalculatorTest" time="0.0"/>
  <testcase name="powFirstIsZero" classname="com.example.android.SimpleCalc.CalculatorTest" time="0.0"/>
  <testcase name="powSecondIsZero" classname="com.example.android.SimpleCalc.CalculatorTest" time="0.001"/>
  <testcase name="mulTwoNumbers" classname="com.example.android.SimpleCalc.CalculatorTest" time="0.0"/>
  <testcase name="powTwoNumbers" classname="com.example.android.SimpleCalc.CalculatorTest" time="0.0"/>
  <testcase name="subWorksWithNegativeResults" classname="com.example.android.SimpleCalc.CalculatorTest" time="0.0"/>
  <testcase name="divTwoNumbers" classname="com.example.android.SimpleCalc.CalculatorTest" time="0.0"/>
  <testcase name="powSecondIsNegative" classname="com.example.android.SimpleCalc.CalculatorTest" time="0.012"/>
  <testcase name="addTwoNumbersFloats" classname="com.example.android.SimpleCalc.CalculatorTest" time="0.001"/>
  <testcase name="powFirstIsNegativeZeroSecondIsNegative2" classname="com.example.android.SimpleCalc.CalculatorTest" time="0.0"/>
  <testcase name="divByZeroThrows" classname="com.example.android.SimpleCalc.CalculatorTest" time="0.0"/>
  <testcase name="mulTwoNumbersZero" classname="com.example.android.SimpleCalc.CalculatorTest" time="0.0"/>
  <testcase name="powFirstIsZeroSecondIsNegative1" classname="com.example.android.SimpleCalc.CalculatorTest" time="0.002"/>
  <system-out><![CDATA[]]></system-out>
  <system-err><![CDATA[]]></system-err>
</testsuite>
